<?xml version="1.0" encoding="UTF-8"?>
<!-- Generated by org.testng.reporters.JUnitXMLReporter -->
<testsuite ignored="0" hostname="Anvesh" failures="1" tests="3" name="Error Validations Test" time="32.888" errors="0" timestamp="2024-06-19T13:23:04 CDT">
  <testcase classname="rahulshettyacademy.tests.ErrorValidationsTest" name="loginErrorValidation" time="1.549">
    <skipped/>
  </testcase> <!-- loginErrorValidation -->
  <testcase classname="rahulshettyacademy.tests.ErrorValidationsTest" name="loginErrorValidation" time="1.211">
    <failure type="java.lang.AssertionError" message="expected [Incorrect email or password.] but found [Incorrect email  password.]">
      <![CDATA[java.lang.AssertionError: expected [Incorrect email or password.] but found [Incorrect email  password.]
at rahulshettyacademy.tests.ErrorValidationsTest.loginErrorValidation(ErrorValidationsTest.java:31)
at java.base/java.util.ArrayList.forEach(ArrayList.java:1511)
at java.base/java.util.concurrent.FutureTask.run(FutureTask.java:264)
at java.base/java.util.concurrent.ThreadPoolExecutor.runWorker(ThreadPoolExecutor.java:1136)
at java.base/java.util.concurrent.ThreadPoolExecutor$Worker.run(ThreadPoolExecutor.java:635)
at java.base/java.lang.Thread.run(Thread.java:840)
... Removed 23 stack frames]]>
    </failure>
  </testcase> <!-- loginErrorValidation -->
  <testcase classname="rahulshettyacademy.tests.ErrorValidationsTest" name="productErrorValidation" time="9.715"/>
</testsuite> <!-- Error Validations Test -->
