<?xml version="1.0" encoding="UTF-8"?>
<!-- Generated by org.testng.reporters.JUnitXMLReporter -->
<testsuite ignored="0" hostname="Anvesh" failures="0" tests="2" name="Error Validations Test" time="15.819" errors="0" timestamp="2024-06-20T10:37:32 CDT">
  <testcase classname="rahulshettyacademy.tests.ErrorValidationsTests" name="loginErrorValidation" time="0.72"/>
  <testcase classname="rahulshettyacademy.tests.ErrorValidationsTests" name="productErrorValidation" time="3.689"/>
</testsuite> <!-- Error Validations Test -->
